<?xml version="1.0" encoding="UTF-8"?>
<testsuites name="jest tests" tests="16" failures="0" errors="0" time="8.716">
  <testsuite name="AuthService" errors="0" failures="0" skipped="0" timestamp="2022-07-06T21:04:24" time="5.77" tests="2">
    <testcase classname="AuthService should create user" name="AuthService should create user" time="0.577">
    </testcase>
    <testcase classname="AuthService should throw because user already exists" name="AuthService should throw because user already exists" time="0.018">
    </testcase>
  </testsuite>
  <testsuite name="UserService - Vehicle" errors="0" failures="0" skipped="0" timestamp="2022-07-06T21:04:24" time="7.881" tests="14">
    <testcase classname="UserService - Vehicle should create vehicle" name="UserService - Vehicle should create vehicle" time="0.266">
    </testcase>
    <testcase classname="UserService - Vehicle should return vehicle" name="UserService - Vehicle should return vehicle" time="0.044">
    </testcase>
    <testcase classname="UserService - Vehicle should throw because vehicle does not exists" name="UserService - Vehicle should throw because vehicle does not exists" time="0.021">
    </testcase>
    <testcase classname="UserService - Vehicle should update vehicle" name="UserService - Vehicle should update vehicle" time="0.147">
    </testcase>
    <testcase classname="UserService - Vehicle should throw because vehicle does not exists" name="UserService - Vehicle should throw because vehicle does not exists" time="0.022">
    </testcase>
    <testcase classname="UserService - Vehicle should delete vehicle" name="UserService - Vehicle should delete vehicle" time="0.145">
    </testcase>
    <testcase classname="UserService - Vehicle should throw because vehicle does not exists" name="UserService - Vehicle should throw because vehicle does not exists" time="0.02">
    </testcase>
    <testcase classname="UserService - Station sould create station" name="UserService - Station sould create station" time="0.344">
    </testcase>
    <testcase classname="UserService - Station sould get station" name="UserService - Station sould get station" time="0.076">
    </testcase>
    <testcase classname="UserService - Station should throw because station does not exists" name="UserService - Station should throw because station does not exists" time="0.035">
    </testcase>
    <testcase classname="UserService - Station should update station" name="UserService - Station should update station" time="0.591">
    </testcase>
    <testcase classname="UserService - Station should throw because station does not exists" name="UserService - Station should throw because station does not exists" time="0.078">
    </testcase>
    <testcase classname="UserService - Station should delete station" name="UserService - Station should delete station" time="0.243">
    </testcase>
    <testcase classname="UserService - Station should throw because station does not exists" name="UserService - Station should throw because station does not exists" time="0.016">
    </testcase>
  </testsuite>
</testsuites>